TIME:Sat Jan 15 04:38:47 2022 Closing servo 0A
TIME:Sat Jan 15 04:38:48 2022 Closing servo 0B
TIME:Sat Jan 15 04:38:50 2022 Closing servo 1A
TIME:Sat Jan 15 04:38:52 2022 Closing servo 1B
TIME:Sat Jan 15 04:38:54 2022 Closing servo 2A
TIME:Sat Jan 15 04:38:55 2022 Closing servo 2B
TIME:Sat Jan 15 04:38:58 2022 Opening servo 0A
TIME:Sat Jan 15 05:02:18 2022  ACTION: Closing servo 0A
TIME:Sat Jan 15 05:02:20 2022  ACTION: Closing servo 0B
TIME:Sat Jan 15 05:02:22 2022  ACTION: Closing servo 1A
TIME:Sat Jan 15 05:02:24 2022  ACTION: Closing servo 1B
TIME:Sat Jan 15 05:02:25 2022  ACTION: Closing servo 2A
TIME:Sat Jan 15 05:02:27 2022  ACTION: Closing servo 2B
TIME:Sat Jan 15 05:02:30 2022  ACTION: Opening servo 0A
TIME:Sat Jan 15 05:02:42 2022  ACTION: Opening servo 0B
TIME:Sat Jan 15 04:17:40 2022  ACTION: Closing servo 0A
TIME:Sat Jan 15 04:17:42 2022  ACTION: Closing servo 0B
TIME:Sat Jan 15 04:17:43 2022  ACTION: Closing servo 1A
TIME:Sat Jan 15 04:17:45 2022  ACTION: Closing servo 1B
TIME:Sat Jan 15 04:17:47 2022  ACTION: Closing servo 2A
TIME:Sat Jan 15 04:17:49 2022  ACTION: Closing servo 2B
TIME:Sat Jan 15 04:17:51 2022  ACTION: Opening servo 0A
TIME:Sat Jan 15 04:18:03 2022  ACTION: Opening servo 0B
TIME:Sat Jan 15 04:19:05 2022  ACTION: Opening servo 1A
TIME:Sat Jan 15 04:19:17 2022  ACTION: Opening servo 1B
TIME:Sat Jan 15 04:20:18 2022  ACTION: Opening servo 2A
TIME:Sat Jan 15 04:20:30 2022  ACTION: Opening servo 2B
TIME:Sat Jan 15 05:17:41 2022  ACTION: Closing servo 0A
TIME:Sat Jan 15 05:17:43 2022  ACTION: Closing servo 0B
TIME:Sat Jan 15 05:17:44 2022  ACTION: Closing servo 1A
TIME:Sat Jan 15 05:17:46 2022  ACTION: Closing servo 1B
TIME:Sat Jan 15 05:17:48 2022  ACTION: Closing servo 2A
TIME:Sat Jan 15 05:17:50 2022  ACTION: Closing servo 2B
TIME:Sat Jan 15 05:17:52 2022  ACTION: Opening servo 0A
TIME:Sat Jan 15 05:18:04 2022  ACTION: Opening servo 0B
TIME:Sat Jan 15 05:19:06 2022  ACTION: Opening servo 1A
TIME:Sat Jan 15 05:19:18 2022  ACTION: Opening servo 1B
TIME:Sat Jan 15 05:20:20 2022  ACTION: Opening servo 2A
TIME:Sat Jan 15 05:20:31 2022  ACTION: Opening servo 2B
TIME:Sat Jan 15 05:17:43 2022  ACTION: Closing servo 0A
TIME:Sat Jan 15 05:17:44 2022  ACTION: Closing servo 0B
TIME:Sat Jan 15 05:17:46 2022  ACTION: Closing servo 1A
TIME:Sat Jan 15 05:17:48 2022  ACTION: Closing servo 1B
TIME:Sat Jan 15 05:17:50 2022  ACTION: Closing servo 2A
TIME:Sat Jan 15 05:17:51 2022  ACTION: Closing servo 2B
TIME:Sat Jan 15 05:17:54 2022  ACTION: Opening servo 0A
TIME:Sat Jan 15 05:18:06 2022  ACTION: Opening servo 0B
TIME:Sat Jan 15 05:19:08 2022  ACTION: Opening servo 1A
TIME:Sat Jan 15 05:19:19 2022  ACTION: Opening servo 1B
TIME:Sat Jan 15 05:20:21 2022  ACTION: Opening servo 2A
TIME:Sat Jan 15 05:20:33 2022  ACTION: Opening servo 2B
